This is pdfTeX, Version 3.14159265-2.6-1.40.21 (TeX Live 2020) (preloaded format=pdflatex 2021.3.23)  30 MAR 2021 13:10
entering extended mode
 restricted \write18 enabled.
 %&-line parsing enabled.
**manuscript_2.tex
(./manuscript_2.tex
LaTeX2e <2020-10-01> patch level 4
L3 programming layer <2021-02-18> (/Users/monicaalexander/Library/TinyTeX/texmf
-dist/tex/latex/base/article.cls
Document Class: article 2020/04/10 v1.4m Standard LaTeX document class
(/Users/monicaalexander/Library/TinyTeX/texmf-dist/tex/latex/base/size12.clo
File: size12.clo 2020/04/10 v1.4m Standard LaTeX file (size option)
)
\c@part=\count179
\c@section=\count180
\c@subsection=\count181
\c@subsubsection=\count182
\c@paragraph=\count183
\c@subparagraph=\count184
\c@figure=\count185
\c@table=\count186
\abovecaptionskip=\skip47
\belowcaptionskip=\skip48
\bibindent=\dimen138
)
(/Users/monicaalexander/Library/TinyTeX/texmf-dist/tex/latex/amsmath/amsmath.st
y
Package: amsmath 2020/09/23 v2.17i AMS math features
\@mathmargin=\skip49
For additional information on amsmath, use the `?' option.

(/Users/monicaalexander/Library/TinyTeX/texmf-dist/tex/latex/amsmath/amstext.st
y
Package: amstext 2000/06/29 v2.01 AMS text

(/Users/monicaalexander/Library/TinyTeX/texmf-dist/tex/latex/amsmath/amsgen.sty
File: amsgen.sty 1999/11/30 v2.0 generic functions
\@emptytoks=\toks15
\ex@=\dimen139
))
(/Users/monicaalexander/Library/TinyTeX/texmf-dist/tex/latex/amsmath/amsbsy.sty
Package: amsbsy 1999/11/29 v1.2d Bold Symbols
\pmbraise@=\dimen140
)
(/Users/monicaalexander/Library/TinyTeX/texmf-dist/tex/latex/amsmath/amsopn.sty
Package: amsopn 2016/03/08 v2.02 operator names
)
\inf@bad=\count187
LaTeX Info: Redefining \frac on input line 234.
\uproot@=\count188
\leftroot@=\count189
LaTeX Info: Redefining \overline on input line 399.
\classnum@=\count190
\DOTSCASE@=\count191
LaTeX Info: Redefining \ldots on input line 496.
LaTeX Info: Redefining \dots on input line 499.
LaTeX Info: Redefining \cdots on input line 620.
\Mathstrutbox@=\box47
\strutbox@=\box48
\big@size=\dimen141
LaTeX Font Info:    Redeclaring font encoding OML on input line 743.
LaTeX Font Info:    Redeclaring font encoding OMS on input line 744.
\macc@depth=\count192
\c@MaxMatrixCols=\count193
\dotsspace@=\muskip16
\c@parentequation=\count194
\dspbrk@lvl=\count195
\tag@help=\toks16
\row@=\count196
\column@=\count197
\maxfields@=\count198
\andhelp@=\toks17
\eqnshift@=\dimen142
\alignsep@=\dimen143
\tagshift@=\dimen144
\tagwidth@=\dimen145
\totwidth@=\dimen146
\lineht@=\dimen147
\@envbody=\toks18
\multlinegap=\skip50
\multlinetaggap=\skip51
\mathdisplay@stack=\toks19
LaTeX Info: Redefining \[ on input line 2923.
LaTeX Info: Redefining \] on input line 2924.
)
(/Users/monicaalexander/Library/TinyTeX/texmf-dist/tex/latex/amsfonts/amssymb.s
ty
Package: amssymb 2013/01/14 v3.01 AMS font symbols

(/Users/monicaalexander/Library/TinyTeX/texmf-dist/tex/latex/amsfonts/amsfonts.
sty
Package: amsfonts 2013/01/14 v3.01 Basic AMSFonts support
\symAMSa=\mathgroup4
\symAMSb=\mathgroup5
LaTeX Font Info:    Redeclaring math symbol \hbar on input line 98.
LaTeX Font Info:    Overwriting math alphabet `\mathfrak' in version `bold'
(Font)                  U/euf/m/n --> U/euf/b/n on input line 106.
)) (/Users/monicaalexander/Library/TinyTeX/texmf-dist/tex/latex/lm/lmodern.sty
Package: lmodern 2009/10/30 v1.6 Latin Modern Fonts
LaTeX Font Info:    Overwriting symbol font `operators' in version `normal'
(Font)                  OT1/cmr/m/n --> OT1/lmr/m/n on input line 22.
LaTeX Font Info:    Overwriting symbol font `letters' in version `normal'
(Font)                  OML/cmm/m/it --> OML/lmm/m/it on input line 23.
LaTeX Font Info:    Overwriting symbol font `symbols' in version `normal'
(Font)                  OMS/cmsy/m/n --> OMS/lmsy/m/n on input line 24.
LaTeX Font Info:    Overwriting symbol font `largesymbols' in version `normal'
(Font)                  OMX/cmex/m/n --> OMX/lmex/m/n on input line 25.
LaTeX Font Info:    Overwriting symbol font `operators' in version `bold'
(Font)                  OT1/cmr/bx/n --> OT1/lmr/bx/n on input line 26.
LaTeX Font Info:    Overwriting symbol font `letters' in version `bold'
(Font)                  OML/cmm/b/it --> OML/lmm/b/it on input line 27.
LaTeX Font Info:    Overwriting symbol font `symbols' in version `bold'
(Font)                  OMS/cmsy/b/n --> OMS/lmsy/b/n on input line 28.
LaTeX Font Info:    Overwriting symbol font `largesymbols' in version `bold'
(Font)                  OMX/cmex/m/n --> OMX/lmex/m/n on input line 29.
LaTeX Font Info:    Overwriting math alphabet `\mathbf' in version `normal'
(Font)                  OT1/cmr/bx/n --> OT1/lmr/bx/n on input line 31.
LaTeX Font Info:    Overwriting math alphabet `\mathsf' in version `normal'
(Font)                  OT1/cmss/m/n --> OT1/lmss/m/n on input line 32.
LaTeX Font Info:    Overwriting math alphabet `\mathit' in version `normal'
(Font)                  OT1/cmr/m/it --> OT1/lmr/m/it on input line 33.
LaTeX Font Info:    Overwriting math alphabet `\mathtt' in version `normal'
(Font)                  OT1/cmtt/m/n --> OT1/lmtt/m/n on input line 34.
LaTeX Font Info:    Overwriting math alphabet `\mathbf' in version `bold'
(Font)                  OT1/cmr/bx/n --> OT1/lmr/bx/n on input line 35.
LaTeX Font Info:    Overwriting math alphabet `\mathsf' in version `bold'
(Font)                  OT1/cmss/bx/n --> OT1/lmss/bx/n on input line 36.
LaTeX Font Info:    Overwriting math alphabet `\mathit' in version `bold'
(Font)                  OT1/cmr/bx/it --> OT1/lmr/bx/it on input line 37.
LaTeX Font Info:    Overwriting math alphabet `\mathtt' in version `bold'
(Font)                  OT1/cmtt/m/n --> OT1/lmtt/m/n on input line 38.
) (/Users/monicaalexander/Library/TinyTeX/texmf-dist/tex/generic/iftex/iftex.st
y
Package: iftex 2020/03/06 v1.0d TeX engine tests
) (/Users/monicaalexander/Library/TinyTeX/texmf-dist/tex/latex/base/fontenc.sty
Package: fontenc 2020/08/10 v2.0s Standard LaTeX package
LaTeX Font Info:    Trying to load font information for T1+lmr on input line 11
2.
(/Users/monicaalexander/Library/TinyTeX/texmf-dist/tex/latex/lm/t1lmr.fd
File: t1lmr.fd 2009/10/30 v1.6 Font defs for Latin Modern
)) (/Users/monicaalexander/Library/TinyTeX/texmf-dist/tex/latex/base/inputenc.s
ty
Package: inputenc 2020/08/01 v1.3d Input encoding file
\inpenc@prehook=\toks20
\inpenc@posthook=\toks21
) (/Users/monicaalexander/Library/TinyTeX/texmf-dist/tex/latex/base/textcomp.st
y
Package: textcomp 2020/02/02 v2.0n Standard LaTeX package
) (/Users/monicaalexander/Library/TinyTeX/texmf-dist/tex/latex/xcolor/xcolor.st
y
Package: xcolor 2016/05/11 v2.12 LaTeX color extensions (UK)

(/Users/monicaalexander/Library/TinyTeX/texmf-dist/tex/latex/graphics-cfg/color
.cfg
File: color.cfg 2016/01/02 v1.6 sample color configuration
)
Package xcolor Info: Driver file: pdftex.def on input line 225.

(/Users/monicaalexander/Library/TinyTeX/texmf-dist/tex/latex/graphics-def/pdfte
x.def
File: pdftex.def 2020/10/05 v1.2a Graphics/color driver for pdftex
)
Package xcolor Info: Model `cmy' substituted by `cmy0' on input line 1348.
Package xcolor Info: Model `hsb' substituted by `rgb' on input line 1352.
Package xcolor Info: Model `RGB' extended on input line 1364.
Package xcolor Info: Model `HTML' substituted by `rgb' on input line 1366.
Package xcolor Info: Model `Hsb' substituted by `hsb' on input line 1367.
Package xcolor Info: Model `tHsb' substituted by `hsb' on input line 1368.
Package xcolor Info: Model `HSB' substituted by `hsb' on input line 1369.
Package xcolor Info: Model `Gray' substituted by `gray' on input line 1370.
Package xcolor Info: Model `wave' substituted by `hsb' on input line 1371.
)
(/Users/monicaalexander/Library/TinyTeX/texmf-dist/tex/latex/hyperref/hyperref.
sty
Package: hyperref 2021-02-27 v7.00k Hypertext links for LaTeX

(/Users/monicaalexander/Library/TinyTeX/texmf-dist/tex/generic/ltxcmds/ltxcmds.
sty
Package: ltxcmds 2020-05-10 v1.25 LaTeX kernel commands for general use (HO)
)
(/Users/monicaalexander/Library/TinyTeX/texmf-dist/tex/generic/pdftexcmds/pdfte
xcmds.sty
Package: pdftexcmds 2020-06-27 v0.33 Utility functions of pdfTeX for LuaTeX (HO
)

(/Users/monicaalexander/Library/TinyTeX/texmf-dist/tex/generic/infwarerr/infwar
err.sty
Package: infwarerr 2019/12/03 v1.5 Providing info/warning/error messages (HO)
)
Package pdftexcmds Info: \pdf@primitive is available.
Package pdftexcmds Info: \pdf@ifprimitive is available.
Package pdftexcmds Info: \pdfdraftmode found.
)
(/Users/monicaalexander/Library/TinyTeX/texmf-dist/tex/latex/graphics/keyval.st
y
Package: keyval 2014/10/28 v1.15 key=value parser (DPC)
\KV@toks@=\toks22
)
(/Users/monicaalexander/Library/TinyTeX/texmf-dist/tex/generic/kvsetkeys/kvsetk
eys.sty
Package: kvsetkeys 2019/12/15 v1.18 Key value parser (HO)
)
(/Users/monicaalexander/Library/TinyTeX/texmf-dist/tex/generic/kvdefinekeys/kvd
efinekeys.sty
Package: kvdefinekeys 2019-12-19 v1.6 Define keys (HO)
)
(/Users/monicaalexander/Library/TinyTeX/texmf-dist/tex/generic/pdfescape/pdfesc
ape.sty
Package: pdfescape 2019/12/09 v1.15 Implements pdfTeX's escape features (HO)
)
(/Users/monicaalexander/Library/TinyTeX/texmf-dist/tex/latex/hycolor/hycolor.st
y
Package: hycolor 2020-01-27 v1.10 Color options for hyperref/bookmark (HO)
)
(/Users/monicaalexander/Library/TinyTeX/texmf-dist/tex/latex/letltxmacro/letltx
macro.sty
Package: letltxmacro 2019/12/03 v1.6 Let assignment for LaTeX macros (HO)
)
(/Users/monicaalexander/Library/TinyTeX/texmf-dist/tex/latex/auxhook/auxhook.st
y
Package: auxhook 2019-12-17 v1.6 Hooks for auxiliary files (HO)
)
(/Users/monicaalexander/Library/TinyTeX/texmf-dist/tex/latex/kvoptions/kvoption
s.sty
Package: kvoptions 2020-10-07 v3.14 Key value format for package options (HO)
)
\@linkdim=\dimen148
\Hy@linkcounter=\count199
\Hy@pagecounter=\count266

(/Users/monicaalexander/Library/TinyTeX/texmf-dist/tex/latex/hyperref/pd1enc.de
f
File: pd1enc.def 2021-02-27 v7.00k Hyperref: PDFDocEncoding definition (HO)
Now handling font encoding PD1 ...
... no UTF-8 mapping file for font encoding PD1
)
(/Users/monicaalexander/Library/TinyTeX/texmf-dist/tex/latex/hyperref/hyperref-
langpatches.def
File: hyperref-langpatches.def 2021-02-27 v7.00k Hyperref: patches for babel la
nguages
)
(/Users/monicaalexander/Library/TinyTeX/texmf-dist/tex/generic/intcalc/intcalc.
sty
Package: intcalc 2019/12/15 v1.3 Expandable calculations with integers (HO)
)
(/Users/monicaalexander/Library/TinyTeX/texmf-dist/tex/generic/etexcmds/etexcmd
s.sty
Package: etexcmds 2019/12/15 v1.7 Avoid name clashes with e-TeX commands (HO)
)
\Hy@SavedSpaceFactor=\count267

(/Users/monicaalexander/Library/TinyTeX/texmf-dist/tex/latex/hyperref/puenc.def
File: puenc.def 2021-02-27 v7.00k Hyperref: PDF Unicode definition (HO)
Now handling font encoding PU ...
... no UTF-8 mapping file for font encoding PU
)
Package hyperref Info: Option `unicode' set `true' on input line 4073.
Package hyperref Info: Hyper figures OFF on input line 4192.
Package hyperref Info: Link nesting OFF on input line 4197.
Package hyperref Info: Hyper index ON on input line 4200.
Package hyperref Info: Plain pages OFF on input line 4207.
Package hyperref Info: Backreferencing OFF on input line 4212.
Package hyperref Info: Implicit mode ON; LaTeX internals redefined.
Package hyperref Info: Bookmarks ON on input line 4445.
\c@Hy@tempcnt=\count268
(/Users/monicaalexander/Library/TinyTeX/texmf-dist/tex/latex/url/url.sty
\Urlmuskip=\muskip17
Package: url 2013/09/16  ver 3.4  Verb mode for urls, etc.
)
LaTeX Info: Redefining \url on input line 4804.
\XeTeXLinkMargin=\dimen149

(/Users/monicaalexander/Library/TinyTeX/texmf-dist/tex/generic/bitset/bitset.st
y
Package: bitset 2019/12/09 v1.3 Handle bit-vector datatype (HO)

(/Users/monicaalexander/Library/TinyTeX/texmf-dist/tex/generic/bigintcalc/bigin
tcalc.sty
Package: bigintcalc 2019/12/15 v1.5 Expandable calculations on big integers (HO
)
))
\Fld@menulength=\count269
\Field@Width=\dimen150
\Fld@charsize=\dimen151
Package hyperref Info: Hyper figures OFF on input line 6075.
Package hyperref Info: Link nesting OFF on input line 6080.
Package hyperref Info: Hyper index ON on input line 6083.
Package hyperref Info: backreferencing OFF on input line 6090.
Package hyperref Info: Link coloring OFF on input line 6095.
Package hyperref Info: Link coloring with OCG OFF on input line 6100.
Package hyperref Info: PDF/A mode OFF on input line 6105.
LaTeX Info: Redefining \ref on input line 6145.
LaTeX Info: Redefining \pageref on input line 6149.

(/Users/monicaalexander/Library/TinyTeX/texmf-dist/tex/latex/base/atbegshi-ltx.
sty
Package: atbegshi-ltx 2020/08/17 v1.0a Emulation of the original atbegshi packa
ge
with kernel methods
)
\Hy@abspage=\count270
\c@Item=\count271
\c@Hfootnote=\count272
)
Package hyperref Info: Driver (autodetected): hpdftex.

(/Users/monicaalexander/Library/TinyTeX/texmf-dist/tex/latex/hyperref/hpdftex.d
ef
File: hpdftex.def 2021-02-27 v7.00k Hyperref driver for pdfTeX

(/Users/monicaalexander/Library/TinyTeX/texmf-dist/tex/latex/base/atveryend-ltx
.sty
Package: atveryend-ltx 2020/08/19 v1.0a Emulation of the original atvery packag
e
with kernel methods
)
\Fld@listcount=\count273
\c@bookmark@seq@number=\count274

(/Users/monicaalexander/Library/TinyTeX/texmf-dist/tex/latex/rerunfilecheck/rer
unfilecheck.sty
Package: rerunfilecheck 2019/12/05 v1.9 Rerun checks for auxiliary files (HO)

(/Users/monicaalexander/Library/TinyTeX/texmf-dist/tex/generic/uniquecounter/un
iquecounter.sty
Package: uniquecounter 2019/12/15 v1.4 Provide unlimited unique counter (HO)
)
Package uniquecounter Info: New unique counter `rerunfilecheck' on input line 2
86.
)
\Hy@SectionHShift=\skip52
)
(/Users/monicaalexander/Library/TinyTeX/texmf-dist/tex/latex/geometry/geometry.
sty
Package: geometry 2020/01/02 v5.9 Page Geometry

(/Users/monicaalexander/Library/TinyTeX/texmf-dist/tex/generic/iftex/ifvtex.sty
Package: ifvtex 2019/10/25 v1.7 ifvtex legacy package. Use iftex instead.
)
\Gm@cnth=\count275
\Gm@cntv=\count276
\c@Gm@tempcnt=\count277
\Gm@bindingoffset=\dimen152
\Gm@wd@mp=\dimen153
\Gm@odd@mp=\dimen154
\Gm@even@mp=\dimen155
\Gm@layoutwidth=\dimen156
\Gm@layoutheight=\dimen157
\Gm@layouthoffset=\dimen158
\Gm@layoutvoffset=\dimen159
\Gm@dimlist=\toks23
)
(/Users/monicaalexander/Library/TinyTeX/texmf-dist/tex/latex/tools/longtable.st
y
Package: longtable 2020/01/07 v4.13 Multi-page Table package (DPC)
\LTleft=\skip53
\LTright=\skip54
\LTpre=\skip55
\LTpost=\skip56
\LTchunksize=\count278
\LTcapwidth=\dimen160
\LT@head=\box49
\LT@firsthead=\box50
\LT@foot=\box51
\LT@lastfoot=\box52
\LT@cols=\count279
\LT@rows=\count280
\c@LT@tables=\count281
\c@LT@chunks=\count282
\LT@p@ftn=\toks24
)
(/Users/monicaalexander/Library/TinyTeX/texmf-dist/tex/latex/booktabs/booktabs.
sty
Package: booktabs 2020/01/12 v1.61803398 Publication quality tables
\heavyrulewidth=\dimen161
\lightrulewidth=\dimen162
\cmidrulewidth=\dimen163
\belowrulesep=\dimen164
\belowbottomsep=\dimen165
\aboverulesep=\dimen166
\abovetopsep=\dimen167
\cmidrulesep=\dimen168
\cmidrulekern=\dimen169
\defaultaddspace=\dimen170
\@cmidla=\count283
\@cmidlb=\count284
\@aboverulesep=\dimen171
\@belowrulesep=\dimen172
\@thisruleclass=\count285
\@lastruleclass=\count286
\@thisrulewidth=\dimen173
) (/Users/monicaalexander/Library/TinyTeX/texmf-dist/tex/latex/tools/array.sty
Package: array 2020/10/01 v2.5c Tabular extension package (FMi)
\col@sep=\dimen174
\ar@mcellbox=\box53
\extrarowheight=\dimen175
\NC@list=\toks25
\extratabsurround=\skip57
\backup@length=\skip58
\ar@cellbox=\box54
) (/Users/monicaalexander/Library/TinyTeX/texmf-dist/tex/latex/tools/calc.sty
Package: calc 2017/05/25 v4.3 Infix arithmetic (KKT,FJ)
\calc@Acount=\count287
\calc@Bcount=\count288
\calc@Adimen=\dimen176
\calc@Bdimen=\dimen177
\calc@Askip=\skip59
\calc@Bskip=\skip60
LaTeX Info: Redefining \setlength on input line 80.
LaTeX Info: Redefining \addtolength on input line 81.
\calc@Ccount=\count289
\calc@Cskip=\skip61
)
(/Users/monicaalexander/Library/TinyTeX/texmf-dist/tex/latex/etoolbox/etoolbox.
sty
Package: etoolbox 2020/10/05 v2.5k e-TeX tools for LaTeX (JAW)
\etb@tempcnta=\count290
)
(/Users/monicaalexander/Library/TinyTeX/texmf-dist/tex/latex/mdwtools/footnote.
sty
Package: footnote 1997/01/28 1.13 Save footnotes around boxes
\fn@notes=\box55
\fn@width=\dimen178
)
(/Users/monicaalexander/Library/TinyTeX/texmf-dist/tex/latex/graphics/graphicx.
sty
Package: graphicx 2020/09/09 v1.2b Enhanced LaTeX Graphics (DPC,SPQR)

(/Users/monicaalexander/Library/TinyTeX/texmf-dist/tex/latex/graphics/graphics.
sty
Package: graphics 2020/08/30 v1.4c Standard LaTeX Graphics (DPC,SPQR)
(/Users/monicaalexander/Library/TinyTeX/texmf-dist/tex/latex/graphics/trig.sty
Package: trig 2016/01/03 v1.10 sin cos tan (DPC)
)
(/Users/monicaalexander/Library/TinyTeX/texmf-dist/tex/latex/graphics-cfg/graph
ics.cfg
File: graphics.cfg 2016/06/04 v1.11 sample graphics configuration
)
Package graphics Info: Driver file: pdftex.def on input line 105.
)
\Gin@req@height=\dimen179
\Gin@req@width=\dimen180
)
(/Users/monicaalexander/Library/TinyTeX/texmf-dist/tex/latex/setspace/setspace.
sty
Package: setspace 2011/12/19 v6.7a set line spacing
)
\cslhangindent=\skip62
\csllabelwidth=\skip63

(/Users/monicaalexander/Library/TinyTeX/texmf-dist/tex/latex/l3backend/l3backen
d-pdftex.def
File: l3backend-pdftex.def 2021-03-18 L3 backend support: PDF output (pdfTeX)
\l__color_backend_stack_int=\count291
\l__pdf_internal_box=\box56
) (./manuscript_2.aux)
\openout1 = `manuscript_2.aux'.

LaTeX Font Info:    Checking defaults for OML/cmm/m/it on input line 102.
LaTeX Font Info:    ... okay on input line 102.
LaTeX Font Info:    Checking defaults for OMS/cmsy/m/n on input line 102.
LaTeX Font Info:    ... okay on input line 102.
LaTeX Font Info:    Checking defaults for OT1/cmr/m/n on input line 102.
LaTeX Font Info:    ... okay on input line 102.
LaTeX Font Info:    Checking defaults for T1/cmr/m/n on input line 102.
LaTeX Font Info:    ... okay on input line 102.
LaTeX Font Info:    Checking defaults for TS1/cmr/m/n on input line 102.
LaTeX Font Info:    ... okay on input line 102.
LaTeX Font Info:    Checking defaults for OMX/cmex/m/n on input line 102.
LaTeX Font Info:    ... okay on input line 102.
LaTeX Font Info:    Checking defaults for U/cmr/m/n on input line 102.
LaTeX Font Info:    ... okay on input line 102.
LaTeX Font Info:    Checking defaults for PD1/pdf/m/n on input line 102.
LaTeX Font Info:    ... okay on input line 102.
LaTeX Font Info:    Checking defaults for PU/pdf/m/n on input line 102.
LaTeX Font Info:    ... okay on input line 102.

(/Users/monicaalexander/Library/TinyTeX/texmf-dist/tex/latex/epstopdf-pkg/epsto
pdf-base.sty
Package: epstopdf-base 2020-01-24 v2.11 Base part for package epstopdf
Package epstopdf-base Info: Redefining graphics rule for `.eps' on input line 4
85.

(/Users/monicaalexander/Library/TinyTeX/texmf-dist/tex/latex/latexconfig/epstop
df-sys.cfg
File: epstopdf-sys.cfg 2010/07/13 v1.3 Configuration of (r)epstopdf for TeX Liv
e
))
Package hyperref Info: Link coloring OFF on input line 102.

(/Users/monicaalexander/Library/TinyTeX/texmf-dist/tex/latex/hyperref/nameref.s
ty
Package: nameref 2021-04-02 v2.47 Cross-referencing by name of section

(/Users/monicaalexander/Library/TinyTeX/texmf-dist/tex/latex/refcount/refcount.
sty
Package: refcount 2019/12/15 v3.6 Data extraction from label references (HO)
)
(/Users/monicaalexander/Library/TinyTeX/texmf-dist/tex/generic/gettitlestring/g
ettitlestring.sty
Package: gettitlestring 2019/12/15 v1.6 Cleanup title references (HO)
)
\c@section@level=\count292
)
LaTeX Info: Redefining \ref on input line 102.
LaTeX Info: Redefining \pageref on input line 102.
LaTeX Info: Redefining \nameref on input line 102.
(./manuscript_2.out) (./manuscript_2.out)
\@outlinefile=\write3
\openout3 = `manuscript_2.out'.

*geometry* driver: auto-detecting
*geometry* detected driver: pdftex
*geometry* verbose mode - [ preamble ] result:
* driver: pdftex
* paper: <default>
* layout: <same size as paper>
* layoutoffset:(h,v)=(0.0pt,0.0pt)
* modes: 
* h-part:(L,W,R)=(72.26999pt, 469.75502pt, 72.26999pt)
* v-part:(T,H,B)=(72.26999pt, 650.43001pt, 72.26999pt)
* \paperwidth=614.295pt
* \paperheight=794.96999pt
* \textwidth=469.75502pt
* \textheight=650.43001pt
* \oddsidemargin=0.0pt
* \evensidemargin=0.0pt
* \topmargin=-37.0pt
* \headheight=12.0pt
* \headsep=25.0pt
* \topskip=12.0pt
* \footskip=30.0pt
* \marginparwidth=44.0pt
* \marginparsep=10.0pt
* \columnsep=10.0pt
* \skip\footins=10.8pt plus 4.0pt minus 2.0pt
* \hoffset=0.0pt
* \voffset=0.0pt
* \mag=1000
* \@twocolumnfalse
* \@twosidefalse
* \@mparswitchfalse
* \@reversemarginfalse
* (1in=72.27pt=25.4mm, 1cm=28.453pt)

LaTeX Font Info:    Trying to load font information for OT1+lmr on input line 1
04.
(/Users/monicaalexander/Library/TinyTeX/texmf-dist/tex/latex/lm/ot1lmr.fd
File: ot1lmr.fd 2009/10/30 v1.6 Font defs for Latin Modern
)
LaTeX Font Info:    Trying to load font information for OML+lmm on input line 1
04.
(/Users/monicaalexander/Library/TinyTeX/texmf-dist/tex/latex/lm/omllmm.fd
File: omllmm.fd 2009/10/30 v1.6 Font defs for Latin Modern
)
LaTeX Font Info:    Trying to load font information for OMS+lmsy on input line 
104.
(/Users/monicaalexander/Library/TinyTeX/texmf-dist/tex/latex/lm/omslmsy.fd
File: omslmsy.fd 2009/10/30 v1.6 Font defs for Latin Modern
)
LaTeX Font Info:    Trying to load font information for OMX+lmex on input line 
104.
(/Users/monicaalexander/Library/TinyTeX/texmf-dist/tex/latex/lm/omxlmex.fd
File: omxlmex.fd 2009/10/30 v1.6 Font defs for Latin Modern
)
LaTeX Font Info:    External font `lmex10' loaded for size
(Font)              <14.4> on input line 104.
LaTeX Font Info:    External font `lmex10' loaded for size
(Font)              <10> on input line 104.
LaTeX Font Info:    External font `lmex10' loaded for size
(Font)              <7> on input line 104.
LaTeX Font Info:    Trying to load font information for U+msa on input line 104
.
(/Users/monicaalexander/Library/TinyTeX/texmf-dist/tex/latex/amsfonts/umsa.fd
File: umsa.fd 2013/01/14 v3.01 AMS symbols A
)
LaTeX Font Info:    Trying to load font information for U+msb on input line 104
.
(/Users/monicaalexander/Library/TinyTeX/texmf-dist/tex/latex/amsfonts/umsb.fd
File: umsb.fd 2013/01/14 v3.01 AMS symbols B
)
LaTeX Font Info:    External font `lmex10' loaded for size
(Font)              <12> on input line 134.
LaTeX Font Info:    External font `lmex10' loaded for size
(Font)              <8> on input line 134.
LaTeX Font Info:    External font `lmex10' loaded for size
(Font)              <6> on input line 134.
LaTeX Font Info:    External font `lmex10' loaded for size
(Font)              <5> on input line 136.
[1

{/Users/monicaalexander/Library/TinyTeX/texmf-var/fonts/map/pdftex/updmap/pdfte
x.map}] [2] [3] [4] [5] [6]
Overfull \hbox (7.92267pt too wide) detected at line 395
\OML/lmm/m/it/12 l[]\OT1/lmr/m/n/12 (\OML/lmm/m/it/12 t \OMS/lmsy/m/n/12 ^^@ \O
T1/lmr/m/n/12 20)\OML/lmm/m/it/12 m[]\OT1/lmr/m/n/12 (\OML/lmm/m/it/12 t \OMS/l
msy/m/n/12 ^^@ \OT1/lmr/m/n/12 20) + \OML/lmm/m/it/12 l[]\OT1/lmr/m/n/12 (\OML/
lmm/m/it/12 t \OMS/lmsy/m/n/12 ^^@ \OT1/lmr/m/n/12 15)\OML/lmm/m/it/12 m[]\OT1/
lmr/m/n/12 (\OML/lmm/m/it/12 t \OMS/lmsy/m/n/12 ^^@ \OT1/lmr/m/n/12 15) + \OML/
lmm/m/it/12 l[]\OT1/lmr/m/n/12 (\OML/lmm/m/it/12 t \OMS/lmsy/m/n/12 ^^@ \OT1/lm
r/m/n/12 10)\OML/lmm/m/it/12 m[]\OT1/lmr/m/n/12 (\OML/lmm/m/it/12 t \OMS/lmsy/m
/n/12 ^^@ \OT1/lmr/m/n/12 10) + \OML/lmm/m/it/12 l[]\OT1/lmr/m/n/12 (\OML/lmm/m
/it/12 t \OMS/lmsy/m/n/12 ^^@ \OT1/lmr/m/n/12 5)\OML/lmm/m/it/12 m[]\OT1/lmr/m/
n/12 (\OML/lmm/m/it/12 t \OMS/lmsy/m/n/12 ^^@ \OT1/lmr/m/n/12 5) + \OML/lmm/m/i
t/12 l[]\OT1/lmr/m/n/12 (\OML/lmm/m/it/12 t\OT1/lmr/m/n/12 )\OML/lmm/m/it/12 m[
]\OT1/lmr/m/n/12 (\OML/lmm/m/it/12 t\OT1/lmr/m/n/12 )
 []

<figs/stable_nonstable.png, id=116, 2107.875pt x 1806.75pt>
File: figs/stable_nonstable.png Graphic file (type png)
<use figs/stable_nonstable.png>
Package pdftex.def Info: figs/stable_nonstable.png  used on input line 425.
(pdftex.def)             Requested size: 451.6726pt x 387.14795pt.
<figs/kin_country_facet_2010.png, id=118, 3011.25pt x 1505.625pt>
File: figs/kin_country_facet_2010.png Graphic file (type png)
<use figs/kin_country_facet_2010.png>
Package pdftex.def Info: figs/kin_country_facet_2010.png  used on input line 44
7.
(pdftex.def)             Requested size: 602.23933pt x 301.11966pt.

Overfull \hbox (132.48431pt too wide) in paragraph at lines 447--449
 [][] 
 []

[7] [8 <./figs/stable_nonstable.png>] [9 <./figs/kin_country_facet_2010.png>] [
10]
<figs/tadr_ts.png, id=143, 433.62pt x 289.08pt>
File: figs/tadr_ts.png Graphic file (type png)
<use figs/tadr_ts.png>
Package pdftex.def Info: figs/tadr_ts.png  used on input line 514.
(pdftex.def)             Requested size: 527.0373pt x 351.35818pt.

Overfull \hbox (57.28227pt too wide) in paragraph at lines 514--515
 [][] 
 []

[11 <./figs/tadr_ts.png>] [12]
<figs/kdr_ts.png, id=157, 433.62pt x 289.08pt>
File: figs/kdr_ts.png Graphic file (type png)
<use figs/kdr_ts.png>
Package pdftex.def Info: figs/kdr_ts.png  used on input line 609.
(pdftex.def)             Requested size: 527.0373pt x 351.35818pt.

Overfull \hbox (57.28227pt too wide) in paragraph at lines 609--610
 [][] 
 []

<figs/kdr_tadr_scatter_all.png, id=158, 722.7pt x 433.62pt>
File: figs/kdr_tadr_scatter_all.png Graphic file (type png)
<use figs/kdr_tadr_scatter_all.png>
Package pdftex.def Info: figs/kdr_tadr_scatter_all.png  used on input line 631.

(pdftex.def)             Requested size: 602.25586pt x 361.35352pt.

Overfull \hbox (132.50084pt too wide) in paragraph at lines 631--632
 [][] 
 []

<figs/kdr_tadr_scatter_facet.png, id=159, 722.7pt x 433.62pt>
File: figs/kdr_tadr_scatter_facet.png Graphic file (type png)
<use figs/kdr_tadr_scatter_facet.png>
Package pdftex.def Info: figs/kdr_tadr_scatter_facet.png  used on input line 64
5.
(pdftex.def)             Requested size: 602.25586pt x 361.35352pt.

Overfull \hbox (132.50084pt too wide) in paragraph at lines 645--647
 [][] 
 []

[13] [14 <./figs/kdr_ts.png>] [15 <./figs/kdr_tadr_scatter_all.png (PNG copy)>]
[16 <./figs/kdr_tadr_scatter_facet.png (PNG copy)>]
<figs/kdr_tadr_r_all.png, id=185, 722.7pt x 433.62pt>
File: figs/kdr_tadr_r_all.png Graphic file (type png)
<use figs/kdr_tadr_r_all.png>
Package pdftex.def Info: figs/kdr_tadr_r_all.png  used on input line 702.
(pdftex.def)             Requested size: 602.25586pt x 361.35352pt.

Overfull \hbox (132.50084pt too wide) in paragraph at lines 702--704
 [][] 
 []

<figs/world_1950_summary.png, id=186, 803.0pt x 401.5pt>
File: figs/world_1950_summary.png Graphic file (type png)
<use figs/world_1950_summary.png>
Package pdftex.def Info: figs/world_1950_summary.png  used on input line 726.
(pdftex.def)             Requested size: 602.28528pt x 301.14262pt.

Overfull \hbox (132.53026pt too wide) in paragraph at lines 726--728
 [][] 
 []

[17] [18 <./figs/kdr_tadr_r_all.png (PNG copy)>]
<figs/world_sim_facet.png, id=197, 803.0pt x 1003.75pt>
File: figs/world_sim_facet.png Graphic file (type png)
<use figs/world_sim_facet.png>
Package pdftex.def Info: figs/world_sim_facet.png  used on input line 755.
(pdftex.def)             Requested size: 520.36322pt x 650.45403pt.

Overfull \hbox (50.6082pt too wide) in paragraph at lines 755--757
 [][] 
 []


LaTeX Warning: Float too large for page by 41.35733pt on input line 758.

[19 <./figs/world_1950_summary.png>]
<figs/world_sim_corr_annotated.png, id=205, 602.25pt x 752.8125pt>
File: figs/world_sim_corr_annotated.png Graphic file (type png)
<use figs/world_sim_corr_annotated.png>
Package pdftex.def Info: figs/world_sim_corr_annotated.png  used on input line 
784.
(pdftex.def)             Requested size: 520.37851pt x 650.47314pt.

Overfull \hbox (50.62349pt too wide) in paragraph at lines 784--787
 [][] 
 []


LaTeX Warning: Float too large for page by 53.54314pt on input line 788.

[20] [21 <./figs/world_sim_facet.png>] [22 <./figs/world_sim_corr_annotated.png
>] [23] [24] [25] (./manuscript_2.aux)
Package rerunfilecheck Info: File `manuscript_2.out' has not changed.
(rerunfilecheck)             Checksum: 7F59780D96C8D0CB101BE6281CA83DA0;2496.
 ) 
Here is how much of TeX's memory you used:
 10712 strings out of 481008
 156001 string characters out of 5907779
 462192 words of memory out of 5000000
 27603 multiletter control sequences out of 15000+600000
 483793 words of font info for 80 fonts, out of 8000000 for 9000
 14 hyphenation exceptions out of 8191
 71i,8n,74p,398b,355s stack positions out of 5000i,500n,10000p,200000b,80000s
pdfTeX warning (dest): name{Hfootnote.8} has been referenced but does not exi
st, replaced by a fixed one

pdfTeX warning (dest): name{Hfootnote.7} has been referenced but does not exist
, replaced by a fixed one

pdfTeX warning (dest): name{Hfootnote.6} has been referenced but does not exist
, replaced by a fixed one

pdfTeX warning (dest): name{Hfootnote.5} has been referenced but does not exist
, replaced by a fixed one

pdfTeX warning (dest): name{Hfootnote.4} has been referenced but does not exist
, replaced by a fixed one

pdfTeX warning (dest): name{Hfootnote.3} has been referenced but does not exist
, replaced by a fixed one

pdfTeX warning (dest): name{Hfootnote.2} has been referenced but does not exist
, replaced by a fixed one

pdfTeX warning (dest): name{Hfootnote.1} has been referenced but does not exist
, replaced by a fixed one

{/Users/monicaalexander/Library/TinyTeX/texmf-dist/fonts/enc/dvips/lm/lm-rm.enc
}{/Users/monicaalexander/Library/TinyTeX/texmf-dist/fonts/enc/dvips/lm/lm-mathi
t.enc}{/Users/monicaalexander/Library/TinyTeX/texmf-dist/fonts/enc/dvips/lm/lm-
mathsy.enc}{/Users/monicaalexander/Library/TinyTeX/texmf-dist/fonts/enc/dvips/l
m/lm-mathex.enc}{/Users/monicaalexander/Library/TinyTeX/texmf-dist/fonts/enc/dv
ips/lm/lm-ec.enc}</Users/monicaalexander/Library/TinyTeX/texmf-dist/fonts/type1
/public/lm/lmbx10.pfb></Users/monicaalexander/Library/TinyTeX/texmf-dist/fonts/
type1/public/lm/lmbx12.pfb></Users/monicaalexander/Library/TinyTeX/texmf-dist/f
onts/type1/public/lm/lmex10.pfb></Users/monicaalexander/Library/TinyTeX/texmf-d
ist/fonts/type1/public/lm/lmmi12.pfb></Users/monicaalexander/Library/TinyTeX/te
xmf-dist/fonts/type1/public/lm/lmmi6.pfb></Users/monicaalexander/Library/TinyTe
X/texmf-dist/fonts/type1/public/lm/lmmi8.pfb></Users/monicaalexander/Library/Ti
nyTeX/texmf-dist/fonts/type1/public/lm/lmr10.pfb></Users/monicaalexander/Librar
y/TinyTeX/texmf-dist/fonts/type1/public/lm/lmr12.pfb></Users/monicaalexander/Li
brary/TinyTeX/texmf-dist/fonts/type1/public/lm/lmr17.pfb></Users/monicaalexande
r/Library/TinyTeX/texmf-dist/fonts/type1/public/lm/lmr6.pfb></Users/monicaalexa
nder/Library/TinyTeX/texmf-dist/fonts/type1/public/lm/lmr7.pfb></Users/monicaal
exander/Library/TinyTeX/texmf-dist/fonts/type1/public/lm/lmr8.pfb></Users/monic
aalexander/Library/TinyTeX/texmf-dist/fonts/type1/public/lm/lmri10.pfb></Users/
monicaalexander/Library/TinyTeX/texmf-dist/fonts/type1/public/lm/lmri12.pfb></U
sers/monicaalexander/Library/TinyTeX/texmf-dist/fonts/type1/public/lm/lmsy10.pf
b></Users/monicaalexander/Library/TinyTeX/texmf-dist/fonts/type1/public/lm/lmsy
8.pfb>
Output written on manuscript_2.pdf (25 pages, 1264391 bytes).
PDF statistics:
 346 PDF objects out of 1000 (max. 8388607)
 283 compressed objects within 3 object streams
 92 named destinations out of 1000 (max. 500000)
 155 words of extra memory for PDF output out of 10000 (max. 10000000)

